app/build/intermediates/manifest_merge_blame_file/debug/processDebugMainManifest/manifest-merger-blame-debug-report.txt
1<?xml version="1.0" encoding="utf-8"?>
2<manifest xmlns:android="http://schemas.android.com/apk/res/android"
3    package="com.darkly.satanmemorylotto.test1"
4    android:versionCode="4"
5    android:versionName="2.0-test1" >
6
7    <uses-sdk
8        android:minSdkVersion="26"
9        android:targetSdkVersion="35" />
10
11    <uses-permission android:name="android.permission.INTERNET" />
11-->src/main/AndroidManifest.xml:3:5-67
11-->src/main/AndroidManifest.xml:3:22-64
12
13    <application
13-->src/main/AndroidManifest.xml:4:5-17:19
14        android:allowBackup="true"
14-->src/main/AndroidManifest.xml:5:9-35
15        android:debuggable="true"
16        android:extractNativeLibs="false"
17        android:label="SML REAL GRADLE TEST 1"
17-->src/main/AndroidManifest.xml:6:9-47
18        android:theme="@style/AppTheme"
18-->src/main/AndroidManifest.xml:7:9-40
19        android:usesCleartextTraffic="false" >
19-->src/main/AndroidManifest.xml:8:9-45
20        <activity
20-->src/main/AndroidManifest.xml:9:9-16:20
21            android:name="com.darkly.lotteryfrequency.MainActivity"
21-->src/main/AndroidManifest.xml:10:13-41
22            android:exported="true" >
22-->src/main/AndroidManifest.xml:11:13-36
23            <intent-filter>
23-->src/main/AndroidManifest.xml:12:13-15:29
24                <action android:name="android.intent.action.MAIN" />
24-->src/main/AndroidManifest.xml:13:17-69
24-->src/main/AndroidManifest.xml:13:25-66
25
26                <category android:name="android.intent.category.LAUNCHER" />
26-->src/main/AndroidManifest.xml:14:17-77
26-->src/main/AndroidManifest.xml:14:27-74
27            </intent-filter>
28        </activity>
29    </application>
30
31</manifest>